<?xml version="1.0" encoding="UTF-8"?>
<testsuite xmlns:xsi="http://www.w3.org/2001/XMLSchema-instance" xsi:noNamespaceSchemaLocation="https://maven.apache.org/surefire/maven-surefire-plugin/xsd/surefire-test-report-3.0.xsd" version="3.0" name="UserService2Test" time="0.044" tests="5" errors="0" skipped="0" failures="0">
  <properties>
[...]
</properties>
  <testcase name="testGender2" classname="UserService2Test" time="0.018"/>
  <testcase name="testGender3" classname="UserService2Test" time="0.001"/>
  <testcase name="testGender4" classname="UserService2Test" time="0.002"/>
  <testcase name="testGender5" classname="UserService2Test" time="0.001"/>
  <testcase name="testGetGender1" classname="UserService2Test" time="0.001"/>
</testsuite>